Traceback (most recent call last):
  File "C:\Users\denis.osses\Anaconda3\lib\site-packages\jupyter_cache\executors\utils.py", line 58, in single_nb_execution
    executenb(
  File "C:\Users\denis.osses\Anaconda3\lib\site-packages\nbclient\client.py", line 1204, in execute
    return NotebookClient(nb=nb, resources=resources, km=km, **kwargs).execute()
  File "C:\Users\denis.osses\Anaconda3\lib\site-packages\nbclient\util.py", line 84, in wrapped
    return just_run(coro(*args, **kwargs))
  File "C:\Users\denis.osses\Anaconda3\lib\site-packages\nbclient\util.py", line 62, in just_run
    return loop.run_until_complete(coro)
  File "C:\Users\denis.osses\Anaconda3\lib\asyncio\base_events.py", line 647, in run_until_complete
    return future.result()
  File "C:\Users\denis.osses\Anaconda3\lib\site-packages\nbclient\client.py", line 663, in async_execute
    await self.async_execute_cell(
  File "C:\Users\denis.osses\Anaconda3\lib\site-packages\nbclient\client.py", line 965, in async_execute_cell
    await self._check_raise_for_error(cell, cell_index, exec_reply)
  File "C:\Users\denis.osses\Anaconda3\lib\site-packages\nbclient\client.py", line 862, in _check_raise_for_error
    raise CellExecutionError.from_cell_and_msg(cell, exec_reply_content)
nbclient.exceptions.CellExecutionError: An error occurred while executing the following cell:
------------------
import numpy as np
import matplotlib.pyplot as plt
from scipy.integrate import odeint

# Definir la matriz del sistema
A = np.array([[-2/25, 1/50],
              [2/25, -2/25]])

# Calcular los valores propios y vectores propios
eigenvalues, eigenvectors = np.linalg.eig(A)

# Crear un grid de puntos
x = np.linspace(-30, 30, 10)
y = np.linspace(-30, 30, 10)
X, Y = np.meshgrid(x, y)

# Definir las ecuaciones diferenciales del sistema
U = (-2/25) * X + (1/50) * Y
V = (2/25) * X + (-2/25) * Y

# Configurar la gráfica del plano de fase
plt.figure(figsize=(8, 8))
plt.streamplot(X, Y, U, V, color='b')  # Graficar el campo vectorial

# Condiciones iniciales para diferentes trayectorias
initial_conditions = [(5, 25), (30, 30), (25, 0), (10, 30), (20, 20), (10, 10)]

t = np.linspace(0, 10, 200)

# Graficamos las trayectorias continuas
for ic in initial_conditions:
    traj = odeint(system, ic, t)
    plt.plot(traj[:, 0], traj[:, 1], lw=2)

# Graficar los ejes formados por los vectores propios. Se multiplica por +-40 para mejor visualización
for eigenvector in eigenvectors.T:
    plt.plot([-40*eigenvector[0], 40*eigenvector[0]],
             [-40*eigenvector[1], 40*eigenvector[1]], 'r--', lw=2)

# Añadir detalles a la gráfica
plt.xlim([0, 30])
plt.ylim([0, 30])
plt.axhline(0, color='black',linewidth=1)
plt.axvline(0, color='black',linewidth=1)
plt.title('Plano de Fase del Sistema')
plt.xlabel('x')
plt.ylabel('y')
plt.grid(True)
plt.show()
------------------

[1;31m---------------------------------------------------------------------------[0m
[1;31mNameError[0m                                 Traceback (most recent call last)
[1;32m~\AppData\Local\Temp\ipykernel_22912\2582465865.py[0m in [0;36m<module>[1;34m[0m
[0;32m     30[0m [1;31m# Graficamos las trayectorias continuas[0m[1;33m[0m[1;33m[0m[0m
[0;32m     31[0m [1;32mfor[0m [0mic[0m [1;32min[0m [0minitial_conditions[0m[1;33m:[0m[1;33m[0m[1;33m[0m[0m
[1;32m---> 32[1;33m     [0mtraj[0m [1;33m=[0m [0modeint[0m[1;33m([0m[0msystem[0m[1;33m,[0m [0mic[0m[1;33m,[0m [0mt[0m[1;33m)[0m[1;33m[0m[1;33m[0m[0m
[0m[0;32m     33[0m     [0mplt[0m[1;33m.[0m[0mplot[0m[1;33m([0m[0mtraj[0m[1;33m[[0m[1;33m:[0m[1;33m,[0m [1;36m0[0m[1;33m][0m[1;33m,[0m [0mtraj[0m[1;33m[[0m[1;33m:[0m[1;33m,[0m [1;36m1[0m[1;33m][0m[1;33m,[0m [0mlw[0m[1;33m=[0m[1;36m2[0m[1;33m)[0m[1;33m[0m[1;33m[0m[0m
[0;32m     34[0m [1;33m[0m[0m

[1;31mNameError[0m: name 'system' is not defined
NameError: name 'system' is not defined

