Traceback (most recent call last):
  File "C:\Users\denis.osses\Anaconda3\lib\site-packages\jupyter_cache\executors\utils.py", line 58, in single_nb_execution
    executenb(
  File "C:\Users\denis.osses\Anaconda3\lib\site-packages\nbclient\client.py", line 1204, in execute
    return NotebookClient(nb=nb, resources=resources, km=km, **kwargs).execute()
  File "C:\Users\denis.osses\Anaconda3\lib\site-packages\nbclient\util.py", line 84, in wrapped
    return just_run(coro(*args, **kwargs))
  File "C:\Users\denis.osses\Anaconda3\lib\site-packages\nbclient\util.py", line 62, in just_run
    return loop.run_until_complete(coro)
  File "C:\Users\denis.osses\Anaconda3\lib\asyncio\base_events.py", line 647, in run_until_complete
    return future.result()
  File "C:\Users\denis.osses\Anaconda3\lib\site-packages\nbclient\client.py", line 663, in async_execute
    await self.async_execute_cell(
  File "C:\Users\denis.osses\Anaconda3\lib\site-packages\nbclient\client.py", line 965, in async_execute_cell
    await self._check_raise_for_error(cell, cell_index, exec_reply)
  File "C:\Users\denis.osses\Anaconda3\lib\site-packages\nbclient\client.py", line 862, in _check_raise_for_error
    raise CellExecutionError.from_cell_and_msg(cell, exec_reply_content)
nbclient.exceptions.CellExecutionError: An error occurred while executing the following cell:
------------------
def plot_fourier(f, p, n_terms=10, num_points=1000):
    """
    Grafica la función original `f(x)` y su desarrollo en serie de Fourier en el intervalo ]-p, p[.

    Args:
        f (sympy expression): La función a desarrollar.
        p (float or sympy expression): El intervalo del desarrollo ]-p, p[.
        n_terms (int): Número de términos de la serie de Fourier.
        num_points (int): Número de puntos para la gráfica.
    """
    # Variables simbólicas
    x = sp.Symbol('x', real=True)
    
    # Calcular la serie de Fourier
    series = fourier_series(f, p, n_terms)
    
    # Convertir las expresiones simbólicas a funciones numéricas
    f_numeric = sp.lambdify(x, f, modules=["numpy"])
    series_numeric = sp.lambdify(x, series, modules=["numpy"])
    
    # Convertir p a un número si es simbólico
    p_numeric = float(p) if isinstance(p, sp.Basic) else p
    
    # Crear puntos para graficar
    x_vals = np.linspace(-p_numeric, p_numeric, num_points)
    f_vals = f_numeric(x_vals)
    series_vals = series_numeric(x_vals)
    
    # Graficar
    plt.figure(figsize=(10, 6))
    plt.plot(x_vals, f_vals, label='f(x) (Original)', color='blue')
    plt.plot(x_vals, series_vals, label=f'Serie de Fourier (n={n_terms})', color='red', linestyle='--')
    plt.title(f'Serie de Fourier de f(x)={f} en ]-{p_numeric}, {p_numeric}[')
    plt.xlabel('x')
    plt.ylabel('y')
    plt.axhline(0, color='black', linewidth=0.8, linestyle='--')
    plt.axvline(0, color='black', linewidth=0.8, linestyle='--')
    plt.legend()
    plt.grid()
    plt.show()

# Ejemplo de uso
x = sp.Symbol('x', real=True)
f = x  # Función original
p = np.pi  # Intervalo ]-p, p[
n_terms = 3  # Número de términos en la serie de Fourier

plot_fourier(f, p, n_terms)
------------------

[1;31m---------------------------------------------------------------------------[0m
[1;31mNameError[0m                                 Traceback (most recent call last)
[1;32m~\AppData\Local\Temp\ipykernel_12624\52772912.py[0m in [0;36m<module>[1;34m[0m
[0;32m     43[0m [0mx[0m [1;33m=[0m [0msp[0m[1;33m.[0m[0mSymbol[0m[1;33m([0m[1;34m'x'[0m[1;33m,[0m [0mreal[0m[1;33m=[0m[1;32mTrue[0m[1;33m)[0m[1;33m[0m[1;33m[0m[0m
[0;32m     44[0m [0mf[0m [1;33m=[0m [0mx[0m  [1;31m# Función original[0m[1;33m[0m[1;33m[0m[0m
[1;32m---> 45[1;33m [0mp[0m [1;33m=[0m [0mnp[0m[1;33m.[0m[0mpi[0m  [1;31m# Intervalo ]-p, p[[0m[1;33m[0m[1;33m[0m[0m
[0m[0;32m     46[0m [0mn_terms[0m [1;33m=[0m [1;36m3[0m  [1;31m# Número de términos en la serie de Fourier[0m[1;33m[0m[1;33m[0m[0m
[0;32m     47[0m [1;33m[0m[0m

[1;31mNameError[0m: name 'np' is not defined
NameError: name 'np' is not defined

